Using pre-set license
Built from '2020.3/staging' branch; Version is '2020.3.5f1 (8095aa901b9b) revision 8426922'; Using compiler version '192528614'; Build Type 'Release'
OS: 'Windows 10 Pro; OS build 19042.1165; Version 2009; 64bit' Language: 'pt' Physical Memory: 16313 MB
BatchMode: 1, IsHumanControllingUs: 0, StartBugReporterOnCrash: 0, Is64bit: 1, IsPro: 0

 COMMAND LINE ARGUMENTS:
C:\Program Files\Unity\Hub\Editor\2020.3.5f1\Editor\Unity.exe
-adb2
-batchMode
-noUpm
-name
AssetImportWorker0
-projectPath
E:/Udemy/The Ultimate Guide to Game Development with Unity 2019/GalaxyShooter/Galaxy Shooter
-logFile
Logs/AssetImportWorker0.log
-srvPort
61124
Successfully changed project path to: E:/Udemy/The Ultimate Guide to Game Development with Unity 2019/GalaxyShooter/Galaxy Shooter
E:/Udemy/The Ultimate Guide to Game Development with Unity 2019/GalaxyShooter/Galaxy Shooter
Using Asset Import Pipeline V2.
Refreshing native plugins compatible for Editor in 26.92 ms, found 0 plugins.
Preloading 0 native plugins for Editor in 0.00 ms.
Initialize engine version: 2020.3.5f1 (8095aa901b9b)
[Subsystems] Discovering subsystems at path C:/Program Files/Unity/Hub/Editor/2020.3.5f1/Editor/Data/Resources/UnitySubsystems
[Subsystems] Discovering subsystems at path E:/Udemy/The Ultimate Guide to Game Development with Unity 2019/GalaxyShooter/Galaxy Shooter/Assets
GfxDevice: creating device client; threaded=0
Direct3D:
    Version:  Direct3D 11.0 [level 11.1]
    Renderer: NVIDIA GeForce RTX 2060 (ID=0x1e89)
    Vendor:   
    VRAM:     5967 MB
    Driver:   30.0.14.7168
Initialize mono
Mono path[0] = 'C:/Program Files/Unity/Hub/Editor/2020.3.5f1/Editor/Data/Managed'
Mono path[1] = 'C:/Program Files/Unity/Hub/Editor/2020.3.5f1/Editor/Data/MonoBleedingEdge/lib/mono/unityjit'
Mono config path = 'C:/Program Files/Unity/Hub/Editor/2020.3.5f1/Editor/Data/MonoBleedingEdge/etc'
Using monoOptions --debugger-agent=transport=dt_socket,embedding=1,server=y,suspend=n,address=127.0.0.1:56396
Begin MonoManager ReloadAssembly
Registering precompiled unity dll's ...
Register platform support module: C:/Program Files/Unity/Hub/Editor/2020.3.5f1/Editor/Data/PlaybackEngines/WebGLSupport/UnityEditor.WebGL.Extensions.dll
Register platform support module: C:/Program Files/Unity/Hub/Editor/2020.3.5f1/Editor/Data/PlaybackEngines/WindowsStandaloneSupport/UnityEditor.WindowsStandalone.Extensions.dll
Registered in 0.002841 seconds.
Native extension for WindowsStandalone target not found
Native extension for WebGL target not found
Refreshing native plugins compatible for Editor in 29.96 ms, found 0 plugins.
Preloading 0 native plugins for Editor in 0.00 ms.
Mono: successfully reloaded assembly
- Completed reload, in  2.373 seconds
Platform modules already initialized, skipping
Registering precompiled user dll's ...
Registered in 0.000697 seconds.
Begin MonoManager ReloadAssembly
Native extension for WindowsStandalone target not found
Native extension for WebGL target not found
Refreshing native plugins compatible for Editor in 0.26 ms, found 0 plugins.
Preloading 0 native plugins for Editor in 0.00 ms.
Mono: successfully reloaded assembly
- Completed reload, in  1.003 seconds
Platform modules already initialized, skipping
========================================================================
Worker process is ready to serve import requests
Launched and connected shader compiler UnityShaderCompiler.exe after 0.07 seconds
Refreshing native plugins compatible for Editor in 0.26 ms, found 0 plugins.
Preloading 0 native plugins for Editor in 0.00 ms.
Unloading 1118 Unused Serialized files (Serialized files now loaded: 0)
System memory in use before: 57.6 MB.
System memory in use after: 57.6 MB.

Unloading 10 unused Assets to reduce memory usage. Loaded Objects now: 1560.
Total: 2.000300 ms (FindLiveObjects: 0.169800 ms CreateObjectMapping: 0.035900 ms MarkObjects: 1.716800 ms  DeleteObjects: 0.076300 ms)

========================================================================
Received Import Request.
  path: Assets/Scripts/Player.cs
  artifactKey: Guid(70bb60bf6b79c9448b82fe77a997603f) Importer(815301076,1909f56bfc062723c751e8b465ee728b)
Start importing Assets/Scripts/Player.cs using Guid(70bb60bf6b79c9448b82fe77a997603f) Importer(815301076,1909f56bfc062723c751e8b465ee728b)  -> (artifact id: '311a350a577d9195e5094587444d0142') in 0.032813 seconds
  Import took 0.035018 seconds .

========================================================================
Received Prepare
Registering precompiled user dll's ...
Registered in 0.001014 seconds.
Begin MonoManager ReloadAssembly
Native extension for WindowsStandalone target not found
Native extension for WebGL target not found
Refreshing native plugins compatible for Editor in 0.24 ms, found 0 plugins.
Preloading 0 native plugins for Editor in 0.00 ms.
Mono: successfully reloaded assembly
- Completed reload, in  0.885 seconds
Platform modules already initialized, skipping
Refreshing native plugins compatible for Editor in 0.25 ms, found 0 plugins.
Preloading 0 native plugins for Editor in 0.00 ms.
Unloading 1114 Unused Serialized files (Serialized files now loaded: 0)
System memory in use before: 57.6 MB.
System memory in use after: 57.7 MB.

Unloading 5 unused Assets to reduce memory usage. Loaded Objects now: 1564.
Total: 1.937700 ms (FindLiveObjects: 0.172100 ms CreateObjectMapping: 0.035400 ms MarkObjects: 1.670300 ms  DeleteObjects: 0.058600 ms)

========================================================================
Received Import Request.
  Time since last request: 193.777710 seconds.
  path: Assets/Scripts/Enemy.cs
  artifactKey: Guid(1c3a92ef1faf1be4d86e5a5a3ad9693a) Importer(815301076,1909f56bfc062723c751e8b465ee728b)
Start importing Assets/Scripts/Enemy.cs using Guid(1c3a92ef1faf1be4d86e5a5a3ad9693a) Importer(815301076,1909f56bfc062723c751e8b465ee728b)  -> (artifact id: 'd01b99019d093532f99ae5ca62badc90') in 0.007880 seconds
  Import took 0.009997 seconds .

========================================================================
Received Prepare
Registering precompiled user dll's ...
Registered in 0.000640 seconds.
Begin MonoManager ReloadAssembly
Native extension for WindowsStandalone target not found
Native extension for WebGL target not found
Refreshing native plugins compatible for Editor in 0.25 ms, found 0 plugins.
Preloading 0 native plugins for Editor in 0.00 ms.
Mono: successfully reloaded assembly
- Completed reload, in  0.872 seconds
Platform modules already initialized, skipping
Refreshing native plugins compatible for Editor in 0.24 ms, found 0 plugins.
Preloading 0 native plugins for Editor in 0.00 ms.
Unloading 1114 Unused Serialized files (Serialized files now loaded: 0)
System memory in use before: 57.6 MB.
System memory in use after: 57.7 MB.

Unloading 5 unused Assets to reduce memory usage. Loaded Objects now: 1567.
Total: 1.987300 ms (FindLiveObjects: 0.167100 ms CreateObjectMapping: 0.035600 ms MarkObjects: 1.732700 ms  DeleteObjects: 0.050300 ms)

========================================================================
Received Import Request.
  Time since last request: 147.378190 seconds.
  path: Assets/Scripts/Enemy.cs
  artifactKey: Guid(1c3a92ef1faf1be4d86e5a5a3ad9693a) Importer(815301076,1909f56bfc062723c751e8b465ee728b)
Start importing Assets/Scripts/Enemy.cs using Guid(1c3a92ef1faf1be4d86e5a5a3ad9693a) Importer(815301076,1909f56bfc062723c751e8b465ee728b)  -> (artifact id: 'c72241c4951add34938fb1891e1c49bd') in 0.004569 seconds
  Import took 0.006705 seconds .

========================================================================
Received Prepare
Registering precompiled user dll's ...
Registered in 0.000680 seconds.
Begin MonoManager ReloadAssembly
Native extension for WindowsStandalone target not found
Native extension for WebGL target not found
Refreshing native plugins compatible for Editor in 0.23 ms, found 0 plugins.
Preloading 0 native plugins for Editor in 0.00 ms.
Mono: successfully reloaded assembly
- Completed reload, in  0.867 seconds
Platform modules already initialized, skipping
Refreshing native plugins compatible for Editor in 0.25 ms, found 0 plugins.
Preloading 0 native plugins for Editor in 0.00 ms.
Unloading 1114 Unused Serialized files (Serialized files now loaded: 0)
System memory in use before: 57.6 MB.
System memory in use after: 57.7 MB.

Unloading 5 unused Assets to reduce memory usage. Loaded Objects now: 1570.
Total: 1.761300 ms (FindLiveObjects: 0.145900 ms CreateObjectMapping: 0.035200 ms MarkObjects: 1.534400 ms  DeleteObjects: 0.044700 ms)

========================================================================
Received Import Request.
  Time since last request: 8.674652 seconds.
  path: Assets/Scripts/Enemy.cs
  artifactKey: Guid(1c3a92ef1faf1be4d86e5a5a3ad9693a) Importer(815301076,1909f56bfc062723c751e8b465ee728b)
Start importing Assets/Scripts/Enemy.cs using Guid(1c3a92ef1faf1be4d86e5a5a3ad9693a) Importer(815301076,1909f56bfc062723c751e8b465ee728b)  -> (artifact id: 'c41a30fc82f9403c7e8af4cd8a545710') in 0.004365 seconds
  Import took 0.006528 seconds .

========================================================================
Received Prepare
Registering precompiled user dll's ...
Registered in 0.000647 seconds.
Begin MonoManager ReloadAssembly
Native extension for WindowsStandalone target not found
Native extension for WebGL target not found
Refreshing native plugins compatible for Editor in 0.24 ms, found 0 plugins.
Preloading 0 native plugins for Editor in 0.00 ms.
Mono: successfully reloaded assembly
- Completed reload, in  0.888 seconds
Platform modules already initialized, skipping
Refreshing native plugins compatible for Editor in 0.25 ms, found 0 plugins.
Preloading 0 native plugins for Editor in 0.00 ms.
Unloading 1114 Unused Serialized files (Serialized files now loaded: 0)
System memory in use before: 57.7 MB.
System memory in use after: 57.7 MB.

Unloading 5 unused Assets to reduce memory usage. Loaded Objects now: 1573.
Total: 2.102200 ms (FindLiveObjects: 0.160500 ms CreateObjectMapping: 0.034800 ms MarkObjects: 1.850100 ms  DeleteObjects: 0.055400 ms)

========================================================================
Received Prepare
Registering precompiled user dll's ...
Registered in 0.000723 seconds.
Begin MonoManager ReloadAssembly
Native extension for WindowsStandalone target not found
Native extension for WebGL target not found
Refreshing native plugins compatible for Editor in 0.23 ms, found 0 plugins.
Preloading 0 native plugins for Editor in 0.00 ms.
Mono: successfully reloaded assembly
- Completed reload, in  0.855 seconds
Platform modules already initialized, skipping
Refreshing native plugins compatible for Editor in 0.23 ms, found 0 plugins.
Preloading 0 native plugins for Editor in 0.00 ms.
Unloading 1114 Unused Serialized files (Serialized files now loaded: 0)
System memory in use before: 57.7 MB.
System memory in use after: 57.7 MB.

Unloading 5 unused Assets to reduce memory usage. Loaded Objects now: 1576.
Total: 1.858900 ms (FindLiveObjects: 0.154200 ms CreateObjectMapping: 0.036600 ms MarkObjects: 1.609400 ms  DeleteObjects: 0.057400 ms)

========================================================================
Received Prepare
Registering precompiled user dll's ...
Registered in 0.000633 seconds.
Begin MonoManager ReloadAssembly
Native extension for WindowsStandalone target not found
Native extension for WebGL target not found
Refreshing native plugins compatible for Editor in 0.24 ms, found 0 plugins.
Preloading 0 native plugins for Editor in 0.00 ms.
Mono: successfully reloaded assembly
- Completed reload, in  0.860 seconds
Platform modules already initialized, skipping
Refreshing native plugins compatible for Editor in 0.24 ms, found 0 plugins.
Preloading 0 native plugins for Editor in 0.00 ms.
Unloading 1115 Unused Serialized files (Serialized files now loaded: 0)
System memory in use before: 57.7 MB.
System memory in use after: 57.8 MB.

Unloading 5 unused Assets to reduce memory usage. Loaded Objects now: 1580.
Total: 1.964400 ms (FindLiveObjects: 0.149100 ms CreateObjectMapping: 0.034900 ms MarkObjects: 1.731400 ms  DeleteObjects: 0.047800 ms)

========================================================================
Received Import Request.
  Time since last request: 118.807171 seconds.
  path: Assets/Scripts/EnemySwapner.cs
  artifactKey: Guid(e7ba5018d4cb795469edfdf41634246c) Importer(815301076,1909f56bfc062723c751e8b465ee728b)
Start importing Assets/Scripts/EnemySwapner.cs using Guid(e7ba5018d4cb795469edfdf41634246c) Importer(815301076,1909f56bfc062723c751e8b465ee728b)  -> (artifact id: '676f973890cd4980a1daa07485f6c6d8') in 0.008166 seconds
  Import took 0.010192 seconds .

========================================================================
Received Prepare
Registering precompiled user dll's ...
Registered in 0.000647 seconds.
Begin MonoManager ReloadAssembly
Native extension for WindowsStandalone target not found
Native extension for WebGL target not found
Refreshing native plugins compatible for Editor in 0.24 ms, found 0 plugins.
Preloading 0 native plugins for Editor in 0.00 ms.
Mono: successfully reloaded assembly
- Completed reload, in  0.857 seconds
Platform modules already initialized, skipping
Refreshing native plugins compatible for Editor in 0.23 ms, found 0 plugins.
Preloading 0 native plugins for Editor in 0.00 ms.
Unloading 1114 Unused Serialized files (Serialized files now loaded: 0)
System memory in use before: 57.7 MB.
System memory in use after: 57.7 MB.

Unloading 6 unused Assets to reduce memory usage. Loaded Objects now: 1582.
Total: 1.685000 ms (FindLiveObjects: 0.145400 ms CreateObjectMapping: 0.035900 ms MarkObjects: 1.455200 ms  DeleteObjects: 0.047400 ms)

========================================================================
Received Import Request.
  Time since last request: 163.054845 seconds.
  path: Assets/Scripts/EnemySpawner.cs
  artifactKey: Guid(5bdf78ef2278925408b584b20c179c36) Importer(815301076,1909f56bfc062723c751e8b465ee728b)
Start importing Assets/Scripts/EnemySpawner.cs using Guid(5bdf78ef2278925408b584b20c179c36) Importer(815301076,1909f56bfc062723c751e8b465ee728b)  -> (artifact id: '87a5f3c034fd78bb2037f86105c9ce11') in 0.008331 seconds
  Import took 0.010514 seconds .

========================================================================
Received Prepare
Registering precompiled user dll's ...
Registered in 0.000651 seconds.
Begin MonoManager ReloadAssembly
Native extension for WindowsStandalone target not found
Native extension for WebGL target not found
Refreshing native plugins compatible for Editor in 0.23 ms, found 0 plugins.
Preloading 0 native plugins for Editor in 0.00 ms.
Mono: successfully reloaded assembly
- Completed reload, in  0.861 seconds
Platform modules already initialized, skipping
Refreshing native plugins compatible for Editor in 0.28 ms, found 0 plugins.
Preloading 0 native plugins for Editor in 0.00 ms.
Unloading 1115 Unused Serialized files (Serialized files now loaded: 0)
System memory in use before: 57.7 MB.
System memory in use after: 57.8 MB.

Unloading 5 unused Assets to reduce memory usage. Loaded Objects now: 1586.
Total: 2.018300 ms (FindLiveObjects: 0.184000 ms CreateObjectMapping: 0.035500 ms MarkObjects: 1.736100 ms  DeleteObjects: 0.061300 ms)

========================================================================
Received Import Request.
  Time since last request: 32.636962 seconds.
  path: Assets/Prefabs/Enemy.prefab
  artifactKey: Guid(a7cdacc3d9cdec44a9fccac642d04bb5) Importer(815301076,1909f56bfc062723c751e8b465ee728b)
Start importing Assets/Prefabs/Enemy.prefab using Guid(a7cdacc3d9cdec44a9fccac642d04bb5) Importer(815301076,1909f56bfc062723c751e8b465ee728b)  -> (artifact id: '3e0e5a344c054029708b624823c20092') in 0.096123 seconds
  Import took 0.098445 seconds .

========================================================================
Received Import Request.
  Time since last request: 5.434872 seconds.
  path: Assets/Prefabs/Laser.prefab
  artifactKey: Guid(93be3bd0a12742f41930460f5ac96679) Importer(815301076,1909f56bfc062723c751e8b465ee728b)
Start importing Assets/Prefabs/Laser.prefab using Guid(93be3bd0a12742f41930460f5ac96679) Importer(815301076,1909f56bfc062723c751e8b465ee728b)  -> (artifact id: '901068ac156318e9f4e4313827916058') in 0.012326 seconds
  Import took 0.014632 seconds .

========================================================================
Received Prepare
Registering precompiled user dll's ...
Registered in 0.000643 seconds.
Begin MonoManager ReloadAssembly
Native extension for WindowsStandalone target not found
Native extension for WebGL target not found
Refreshing native plugins compatible for Editor in 0.24 ms, found 0 plugins.
Preloading 0 native plugins for Editor in 0.00 ms.
Mono: successfully reloaded assembly
- Completed reload, in  0.872 seconds
Platform modules already initialized, skipping
Refreshing native plugins compatible for Editor in 0.23 ms, found 0 plugins.
Preloading 0 native plugins for Editor in 0.00 ms.
Unloading 1115 Unused Serialized files (Serialized files now loaded: 0)
System memory in use before: 60.8 MB.
System memory in use after: 60.9 MB.

Unloading 5 unused Assets to reduce memory usage. Loaded Objects now: 1597.
Total: 1.770800 ms (FindLiveObjects: 0.168000 ms CreateObjectMapping: 0.036400 ms MarkObjects: 1.514600 ms  DeleteObjects: 0.050800 ms)

========================================================================
Received Prepare
Registering precompiled user dll's ...
Registered in 0.000693 seconds.
Begin MonoManager ReloadAssembly
Native extension for WindowsStandalone target not found
Native extension for WebGL target not found
Refreshing native plugins compatible for Editor in 0.36 ms, found 0 plugins.
Preloading 0 native plugins for Editor in 0.00 ms.
Mono: successfully reloaded assembly
- Completed reload, in  0.867 seconds
Platform modules already initialized, skipping
Refreshing native plugins compatible for Editor in 0.24 ms, found 0 plugins.
Preloading 0 native plugins for Editor in 0.00 ms.
Unloading 1115 Unused Serialized files (Serialized files now loaded: 0)
System memory in use before: 60.8 MB.
System memory in use after: 60.9 MB.

Unloading 5 unused Assets to reduce memory usage. Loaded Objects now: 1600.
Total: 2.373100 ms (FindLiveObjects: 0.172200 ms CreateObjectMapping: 0.036800 ms MarkObjects: 2.095100 ms  DeleteObjects: 0.067600 ms)

========================================================================
Received Prepare
Registering precompiled user dll's ...
Registered in 0.000679 seconds.
Begin MonoManager ReloadAssembly
Native extension for WindowsStandalone target not found
Native extension for WebGL target not found
Refreshing native plugins compatible for Editor in 0.23 ms, found 0 plugins.
Preloading 0 native plugins for Editor in 0.00 ms.
Mono: successfully reloaded assembly
- Completed reload, in  0.851 seconds
Platform modules already initialized, skipping
Refreshing native plugins compatible for Editor in 0.26 ms, found 0 plugins.
Preloading 0 native plugins for Editor in 0.00 ms.
Unloading 1115 Unused Serialized files (Serialized files now loaded: 0)
System memory in use before: 60.8 MB.
System memory in use after: 60.9 MB.

Unloading 5 unused Assets to reduce memory usage. Loaded Objects now: 1603.
Total: 1.898200 ms (FindLiveObjects: 0.176000 ms CreateObjectMapping: 0.032600 ms MarkObjects: 1.634900 ms  DeleteObjects: 0.053300 ms)

========================================================================
Received Import Request.
  Time since last request: 864.020601 seconds.
  path: Assets/Scripts/ObjectPooler.cs
  artifactKey: Guid(1c6987e57619ef1468048c4d1ea00a05) Importer(815301076,1909f56bfc062723c751e8b465ee728b)
Start importing Assets/Scripts/ObjectPooler.cs using Guid(1c6987e57619ef1468048c4d1ea00a05) Importer(815301076,1909f56bfc062723c751e8b465ee728b)  -> (artifact id: '9785c8c96fc28f7b61741882eeba02a5') in 0.008070 seconds
  Import took 0.010247 seconds .

========================================================================
Received Import Request.
  Time since last request: 0.025484 seconds.
  path: Assets/Scripts/ObjectPooler.cs
  artifactKey: Guid(1c6987e57619ef1468048c4d1ea00a05) Importer(815301076,1909f56bfc062723c751e8b465ee728b)
Start importing Assets/Scripts/ObjectPooler.cs using Guid(1c6987e57619ef1468048c4d1ea00a05) Importer(815301076,1909f56bfc062723c751e8b465ee728b)  -> (artifact id: '9785c8c96fc28f7b61741882eeba02a5') in 0.017780 seconds
  Import took 0.019789 seconds .

========================================================================
Received Import Request.
  Time since last request: 0.199409 seconds.
  path: Assets/Scripts/EnemySpawner.cs
  artifactKey: Guid(5bdf78ef2278925408b584b20c179c36) Importer(815301076,1909f56bfc062723c751e8b465ee728b)
Start importing Assets/Scripts/EnemySpawner.cs using Guid(5bdf78ef2278925408b584b20c179c36) Importer(815301076,1909f56bfc062723c751e8b465ee728b)  -> (artifact id: 'd56ea32d7170d022091b8b7e4ad6bb59') in 0.002241 seconds
  Import took 0.004602 seconds .

========================================================================
Received Import Request.
  Time since last request: 0.000665 seconds.
  path: Assets/Scripts/EnemySpawner.cs
  artifactKey: Guid(5bdf78ef2278925408b584b20c179c36) Importer(815301076,1909f56bfc062723c751e8b465ee728b)
Start importing Assets/Scripts/EnemySpawner.cs using Guid(5bdf78ef2278925408b584b20c179c36) Importer(815301076,1909f56bfc062723c751e8b465ee728b)  -> (artifact id: 'd56ea32d7170d022091b8b7e4ad6bb59') in 0.001951 seconds
  Import took 0.003847 seconds .

========================================================================
Received Prepare
Registering precompiled user dll's ...
Registered in 0.000794 seconds.
Begin MonoManager ReloadAssembly
Native extension for WindowsStandalone target not found
Native extension for WebGL target not found
Refreshing native plugins compatible for Editor in 0.24 ms, found 0 plugins.
Preloading 0 native plugins for Editor in 0.00 ms.
Mono: successfully reloaded assembly
- Completed reload, in  0.881 seconds
Platform modules already initialized, skipping
Refreshing native plugins compatible for Editor in 0.24 ms, found 0 plugins.
Preloading 0 native plugins for Editor in 0.00 ms.
Unloading 1115 Unused Serialized files (Serialized files now loaded: 0)
System memory in use before: 60.8 MB.
System memory in use after: 60.9 MB.

Unloading 5 unused Assets to reduce memory usage. Loaded Objects now: 1606.
Total: 1.739000 ms (FindLiveObjects: 0.138400 ms CreateObjectMapping: 0.032700 ms MarkObjects: 1.518900 ms  DeleteObjects: 0.047800 ms)

========================================================================
Received Prepare
Registering precompiled user dll's ...
Registered in 0.000595 seconds.
Begin MonoManager ReloadAssembly
Native extension for WindowsStandalone target not found
Native extension for WebGL target not found
Refreshing native plugins compatible for Editor in 0.23 ms, found 0 plugins.
Preloading 0 native plugins for Editor in 0.00 ms.
Mono: successfully reloaded assembly
- Completed reload, in  0.873 seconds
Platform modules already initialized, skipping
Refreshing native plugins compatible for Editor in 0.23 ms, found 0 plugins.
Preloading 0 native plugins for Editor in 0.00 ms.
Unloading 1115 Unused Serialized files (Serialized files now loaded: 0)
System memory in use before: 60.8 MB.
System memory in use after: 60.9 MB.

Unloading 5 unused Assets to reduce memory usage. Loaded Objects now: 1609.
Total: 2.042700 ms (FindLiveObjects: 0.164300 ms CreateObjectMapping: 0.034800 ms MarkObjects: 1.789100 ms  DeleteObjects: 0.052900 ms)

========================================================================
Received Prepare
Registering precompiled user dll's ...
Registered in 0.000664 seconds.
Begin MonoManager ReloadAssembly
Native extension for WindowsStandalone target not found
Native extension for WebGL target not found
Refreshing native plugins compatible for Editor in 0.26 ms, found 0 plugins.
Preloading 0 native plugins for Editor in 0.00 ms.
Mono: successfully reloaded assembly
- Completed reload, in  0.886 seconds
Platform modules already initialized, skipping
Refreshing native plugins compatible for Editor in 0.24 ms, found 0 plugins.
Preloading 0 native plugins for Editor in 0.00 ms.
Unloading 1115 Unused Serialized files (Serialized files now loaded: 0)
System memory in use before: 60.9 MB.
System memory in use after: 60.9 MB.

Unloading 5 unused Assets to reduce memory usage. Loaded Objects now: 1612.
Total: 1.953300 ms (FindLiveObjects: 0.152700 ms CreateObjectMapping: 0.034800 ms MarkObjects: 1.713600 ms  DeleteObjects: 0.051200 ms)

========================================================================
Received Prepare
Registering precompiled user dll's ...
Registered in 0.000705 seconds.
Begin MonoManager ReloadAssembly
Native extension for WindowsStandalone target not found
Native extension for WebGL target not found
Refreshing native plugins compatible for Editor in 0.26 ms, found 0 plugins.
Preloading 0 native plugins for Editor in 0.00 ms.
Mono: successfully reloaded assembly
- Completed reload, in  0.856 seconds
Platform modules already initialized, skipping
Refreshing native plugins compatible for Editor in 0.26 ms, found 0 plugins.
Preloading 0 native plugins for Editor in 0.00 ms.
Unloading 1115 Unused Serialized files (Serialized files now loaded: 0)
System memory in use before: 60.9 MB.
System memory in use after: 60.9 MB.

Unloading 5 unused Assets to reduce memory usage. Loaded Objects now: 1615.
Total: 1.891900 ms (FindLiveObjects: 0.148300 ms CreateObjectMapping: 0.034600 ms MarkObjects: 1.660200 ms  DeleteObjects: 0.047800 ms)

========================================================================
Received Prepare
Registering precompiled user dll's ...
Registered in 0.000756 seconds.
Begin MonoManager ReloadAssembly
Native extension for WindowsStandalone target not found
Native extension for WebGL target not found
Refreshing native plugins compatible for Editor in 0.23 ms, found 0 plugins.
Preloading 0 native plugins for Editor in 0.00 ms.
Mono: successfully reloaded assembly
- Completed reload, in  0.878 seconds
Platform modules already initialized, skipping
Refreshing native plugins compatible for Editor in 0.23 ms, found 0 plugins.
Preloading 0 native plugins for Editor in 0.00 ms.
Unloading 1115 Unused Serialized files (Serialized files now loaded: 0)
System memory in use before: 60.9 MB.
System memory in use after: 60.9 MB.

Unloading 5 unused Assets to reduce memory usage. Loaded Objects now: 1618.
Total: 1.924400 ms (FindLiveObjects: 0.163300 ms CreateObjectMapping: 0.037000 ms MarkObjects: 1.670700 ms  DeleteObjects: 0.052000 ms)

========================================================================
Received Import Request.
  Time since last request: 777.677734 seconds.
  path: Assets/Prefabs/Enemy.prefab
  artifactKey: Guid(a7cdacc3d9cdec44a9fccac642d04bb5) Importer(815301076,1909f56bfc062723c751e8b465ee728b)
Start importing Assets/Prefabs/Enemy.prefab using Guid(a7cdacc3d9cdec44a9fccac642d04bb5) Importer(815301076,1909f56bfc062723c751e8b465ee728b)  -> (artifact id: '1a5be04fb7361bec33308bd462b764db') in 0.058177 seconds
  Import took 0.060612 seconds .

========================================================================
Received Import Request.
  Time since last request: 0.002153 seconds.
  path: Assets/Prefabs/Enemy.prefab
  artifactKey: Guid(a7cdacc3d9cdec44a9fccac642d04bb5) Importer(815301076,1909f56bfc062723c751e8b465ee728b)
Start importing Assets/Prefabs/Enemy.prefab using Guid(a7cdacc3d9cdec44a9fccac642d04bb5) Importer(815301076,1909f56bfc062723c751e8b465ee728b)  -> (artifact id: '1a5be04fb7361bec33308bd462b764db') in 0.007549 seconds
  Import took 0.009803 seconds .

========================================================================
Received Import Request.
  Time since last request: 3.042251 seconds.
  path: Assets/Prefabs/Enemy.prefab
  artifactKey: Guid(a7cdacc3d9cdec44a9fccac642d04bb5) Importer(815301076,1909f56bfc062723c751e8b465ee728b)
Start importing Assets/Prefabs/Enemy.prefab using Guid(a7cdacc3d9cdec44a9fccac642d04bb5) Importer(815301076,1909f56bfc062723c751e8b465ee728b)  -> (artifact id: '888fe1a6183514d926662bf0ff94d8e7') in 0.007039 seconds
  Import took 0.009254 seconds .

========================================================================
Received Import Request.
  Time since last request: 8.673796 seconds.
  path: Assets/Prefabs/Laser.prefab
  artifactKey: Guid(93be3bd0a12742f41930460f5ac96679) Importer(815301076,1909f56bfc062723c751e8b465ee728b)
Start importing Assets/Prefabs/Laser.prefab using Guid(93be3bd0a12742f41930460f5ac96679) Importer(815301076,1909f56bfc062723c751e8b465ee728b)  -> (artifact id: '2c9119e838cd70b446c50ecad60c0e9c') in 0.012584 seconds
  Import took 0.014859 seconds .

========================================================================
Received Import Request.
  Time since last request: 0.020246 seconds.
  path: Assets/Prefabs/Laser.prefab
  artifactKey: Guid(93be3bd0a12742f41930460f5ac96679) Importer(815301076,1909f56bfc062723c751e8b465ee728b)
Start importing Assets/Prefabs/Laser.prefab using Guid(93be3bd0a12742f41930460f5ac96679) Importer(815301076,1909f56bfc062723c751e8b465ee728b)  -> (artifact id: '2c9119e838cd70b446c50ecad60c0e9c') in 0.007314 seconds
  Import took 0.009549 seconds .

========================================================================
Received Import Request.
  Time since last request: 1.697227 seconds.
  path: Assets/Prefabs/Laser.prefab
  artifactKey: Guid(93be3bd0a12742f41930460f5ac96679) Importer(815301076,1909f56bfc062723c751e8b465ee728b)
Start importing Assets/Prefabs/Laser.prefab using Guid(93be3bd0a12742f41930460f5ac96679) Importer(815301076,1909f56bfc062723c751e8b465ee728b)  -> (artifact id: 'd32124de8c0fdde6729797546ea64988') in 0.008537 seconds
  Import took 0.010826 seconds .

========================================================================
Received Import Request.
  Time since last request: 43.177761 seconds.
  path: Assets/Scripts/Enemy.cs
  artifactKey: Guid(1c3a92ef1faf1be4d86e5a5a3ad9693a) Importer(815301076,1909f56bfc062723c751e8b465ee728b)
Start importing Assets/Scripts/Enemy.cs using Guid(1c3a92ef1faf1be4d86e5a5a3ad9693a) Importer(815301076,1909f56bfc062723c751e8b465ee728b)  -> (artifact id: '877e4ede7c38372663a7ea2a06145c50') in 0.001814 seconds
  Import took 0.003989 seconds .

========================================================================
Received Prepare
Registering precompiled user dll's ...
Registered in 0.000638 seconds.
Begin MonoManager ReloadAssembly
Native extension for WindowsStandalone target not found
Native extension for WebGL target not found
Refreshing native plugins compatible for Editor in 0.24 ms, found 0 plugins.
Preloading 0 native plugins for Editor in 0.00 ms.
Mono: successfully reloaded assembly
- Completed reload, in  0.853 seconds
Platform modules already initialized, skipping
Refreshing native plugins compatible for Editor in 0.23 ms, found 0 plugins.
Preloading 0 native plugins for Editor in 0.00 ms.
Unloading 1115 Unused Serialized files (Serialized files now loaded: 0)
System memory in use before: 60.9 MB.
System memory in use after: 61.0 MB.

Unloading 5 unused Assets to reduce memory usage. Loaded Objects now: 1622.
Total: 1.731400 ms (FindLiveObjects: 0.160000 ms CreateObjectMapping: 0.036300 ms MarkObjects: 1.486700 ms  DeleteObjects: 0.047600 ms)

========================================================================
Received Prepare
Registering precompiled user dll's ...
Registered in 0.001090 seconds.
Begin MonoManager ReloadAssembly
Native extension for WindowsStandalone target not found
Native extension for WebGL target not found
Refreshing native plugins compatible for Editor in 0.31 ms, found 0 plugins.
Preloading 0 native plugins for Editor in 0.00 ms.
Mono: successfully reloaded assembly
- Completed reload, in  0.947 seconds
Platform modules already initialized, skipping
Refreshing native plugins compatible for Editor in 0.23 ms, found 0 plugins.
Preloading 0 native plugins for Editor in 0.00 ms.
Unloading 1115 Unused Serialized files (Serialized files now loaded: 0)
System memory in use before: 60.9 MB.
System memory in use after: 61.0 MB.

Unloading 5 unused Assets to reduce memory usage. Loaded Objects now: 1625.
Total: 2.126400 ms (FindLiveObjects: 0.193200 ms CreateObjectMapping: 0.034000 ms MarkObjects: 1.843600 ms  DeleteObjects: 0.053700 ms)

========================================================================
Received Prepare
Registering precompiled user dll's ...
Registered in 0.000736 seconds.
Begin MonoManager ReloadAssembly
Native extension for WindowsStandalone target not found
Native extension for WebGL target not found
Refreshing native plugins compatible for Editor in 0.28 ms, found 0 plugins.
Preloading 0 native plugins for Editor in 0.00 ms.
Mono: successfully reloaded assembly
- Completed reload, in  0.887 seconds
Platform modules already initialized, skipping
Refreshing native plugins compatible for Editor in 0.23 ms, found 0 plugins.
Preloading 0 native plugins for Editor in 0.00 ms.
Unloading 1115 Unused Serialized files (Serialized files now loaded: 0)
System memory in use before: 60.9 MB.
System memory in use after: 61.0 MB.

Unloading 5 unused Assets to reduce memory usage. Loaded Objects now: 1628.
Total: 1.798400 ms (FindLiveObjects: 0.174900 ms CreateObjectMapping: 0.035300 ms MarkObjects: 1.522100 ms  DeleteObjects: 0.064600 ms)

========================================================================
Received Import Request.
  Time since last request: 225.299038 seconds.
  path: Assets/Prefabs/Enemy.prefab
  artifactKey: Guid(a7cdacc3d9cdec44a9fccac642d04bb5) Importer(815301076,1909f56bfc062723c751e8b465ee728b)
Start importing Assets/Prefabs/Enemy.prefab using Guid(a7cdacc3d9cdec44a9fccac642d04bb5) Importer(815301076,1909f56bfc062723c751e8b465ee728b)  -> (artifact id: 'f4c6f00589ea853e682567f43f4f8962') in 0.066617 seconds
  Import took 0.069037 seconds .

========================================================================
Received Import Request.
  Time since last request: 1.406763 seconds.
  path: Assets/Prefabs/Laser.prefab
  artifactKey: Guid(93be3bd0a12742f41930460f5ac96679) Importer(815301076,1909f56bfc062723c751e8b465ee728b)
Start importing Assets/Prefabs/Laser.prefab using Guid(93be3bd0a12742f41930460f5ac96679) Importer(815301076,1909f56bfc062723c751e8b465ee728b)  -> (artifact id: 'b8d21e400e0a1349508dc23bce2846c2') in 0.007811 seconds
  Import took 0.010075 seconds .

========================================================================
Received Prepare
Registering precompiled user dll's ...
Registered in 0.000708 seconds.
Begin MonoManager ReloadAssembly
Native extension for WindowsStandalone target not found
Native extension for WebGL target not found
Refreshing native plugins compatible for Editor in 0.23 ms, found 0 plugins.
Preloading 0 native plugins for Editor in 0.00 ms.
Mono: successfully reloaded assembly
- Completed reload, in  0.852 seconds
Platform modules already initialized, skipping
Refreshing native plugins compatible for Editor in 0.24 ms, found 0 plugins.
Preloading 0 native plugins for Editor in 0.00 ms.
Unloading 1115 Unused Serialized files (Serialized files now loaded: 0)
System memory in use before: 60.9 MB.
System memory in use after: 61.0 MB.

Unloading 5 unused Assets to reduce memory usage. Loaded Objects now: 1632.
Total: 1.733500 ms (FindLiveObjects: 0.152300 ms CreateObjectMapping: 0.035600 ms MarkObjects: 1.496900 ms  DeleteObjects: 0.047900 ms)

========================================================================
Received Import Request.
  Time since last request: 28.569973 seconds.
  path: Assets/Scripts/EnemySpawner.cs
  artifactKey: Guid(5bdf78ef2278925408b584b20c179c36) Importer(815301076,1909f56bfc062723c751e8b465ee728b)
Start importing Assets/Scripts/EnemySpawner.cs using Guid(5bdf78ef2278925408b584b20c179c36) Importer(815301076,1909f56bfc062723c751e8b465ee728b)  -> (artifact id: '650bd975327dd4cae34501415ed705ef') in 0.004108 seconds
  Import took 0.006234 seconds .

========================================================================
Received Import Request.
  Time since last request: 115.820474 seconds.
  path: Assets/Scripts/Enemy.cs
  artifactKey: Guid(1c3a92ef1faf1be4d86e5a5a3ad9693a) Importer(815301076,1909f56bfc062723c751e8b465ee728b)
Start importing Assets/Scripts/Enemy.cs using Guid(1c3a92ef1faf1be4d86e5a5a3ad9693a) Importer(815301076,1909f56bfc062723c751e8b465ee728b)  -> (artifact id: 'c446428c98ccbdecba1e900ca11d54cc') in 0.002285 seconds
  Import took 0.004849 seconds .

========================================================================
Received Import Request.
  Time since last request: 10.222743 seconds.
  path: ProjectSettings/TagManager.asset
  artifactKey: Guid(00000000000000003000000000000000) Importer(815301076,1909f56bfc062723c751e8b465ee728b)
Start importing ProjectSettings/TagManager.asset using Guid(00000000000000003000000000000000) Importer(815301076,1909f56bfc062723c751e8b465ee728b)  -> (artifact id: '0cf9088148c8a3cbd29f9a356fcbb966') in 0.017221 seconds
  Import took 0.019428 seconds .

========================================================================
Received Import Request.
  Time since last request: 13.364030 seconds.
  path: Assets/Prefabs/Enemy.prefab
  artifactKey: Guid(a7cdacc3d9cdec44a9fccac642d04bb5) Importer(815301076,1909f56bfc062723c751e8b465ee728b)
Start importing Assets/Prefabs/Enemy.prefab using Guid(a7cdacc3d9cdec44a9fccac642d04bb5) Importer(815301076,1909f56bfc062723c751e8b465ee728b)  -> (artifact id: '25cc06de1373310e99295ba7fc5289a4') in 0.047699 seconds
  Import took 0.050366 seconds .

========================================================================
Received Import Request.
  Time since last request: 13.641146 seconds.
  path: Assets/Prefabs/Laser.prefab
  artifactKey: Guid(93be3bd0a12742f41930460f5ac96679) Importer(815301076,1909f56bfc062723c751e8b465ee728b)
Start importing Assets/Prefabs/Laser.prefab using Guid(93be3bd0a12742f41930460f5ac96679) Importer(815301076,1909f56bfc062723c751e8b465ee728b)  -> (artifact id: '3bbcb7475731af3d1005226f54008979') in 0.008374 seconds
  Import took 0.010730 seconds .

========================================================================
Received Import Request.
  Time since last request: 46.214062 seconds.
  path: Assets/Scripts/Enemy.cs
  artifactKey: Guid(1c3a92ef1faf1be4d86e5a5a3ad9693a) Importer(815301076,1909f56bfc062723c751e8b465ee728b)
Start importing Assets/Scripts/Enemy.cs using Guid(1c3a92ef1faf1be4d86e5a5a3ad9693a) Importer(815301076,1909f56bfc062723c751e8b465ee728b)  -> (artifact id: 'd7b87d2e3f9fb8e93df846396914ba47') in 0.001969 seconds
  Import took 0.004216 seconds .

========================================================================
Received Import Request.
  Time since last request: 21.078347 seconds.
  path: Assets/Scripts/Enemy.cs
  artifactKey: Guid(1c3a92ef1faf1be4d86e5a5a3ad9693a) Importer(815301076,1909f56bfc062723c751e8b465ee728b)
Start importing Assets/Scripts/Enemy.cs using Guid(1c3a92ef1faf1be4d86e5a5a3ad9693a) Importer(815301076,1909f56bfc062723c751e8b465ee728b)  -> (artifact id: '6fc28e94b16847c7732ea76d9c01ca07') in 0.002639 seconds
  Import took 0.005505 seconds .

========================================================================
Received Prepare
Registering precompiled user dll's ...
Registered in 0.000709 seconds.
Begin MonoManager ReloadAssembly
Native extension for WindowsStandalone target not found
Native extension for WebGL target not found
Refreshing native plugins compatible for Editor in 0.25 ms, found 0 plugins.
Preloading 0 native plugins for Editor in 0.00 ms.
Mono: successfully reloaded assembly
- Completed reload, in  0.889 seconds
Platform modules already initialized, skipping
Refreshing native plugins compatible for Editor in 0.24 ms, found 0 plugins.
Preloading 0 native plugins for Editor in 0.00 ms.
Unloading 1115 Unused Serialized files (Serialized files now loaded: 0)
System memory in use before: 60.9 MB.
System memory in use after: 61.0 MB.

Unloading 6 unused Assets to reduce memory usage. Loaded Objects now: 1636.
Total: 1.826300 ms (FindLiveObjects: 0.167700 ms CreateObjectMapping: 0.035100 ms MarkObjects: 1.571400 ms  DeleteObjects: 0.051200 ms)

========================================================================
Received Prepare
Registering precompiled user dll's ...
Registered in 0.000703 seconds.
Begin MonoManager ReloadAssembly
Native extension for WindowsStandalone target not found
Native extension for WebGL target not found
Refreshing native plugins compatible for Editor in 0.30 ms, found 0 plugins.
Preloading 0 native plugins for Editor in 0.00 ms.
Mono: successfully reloaded assembly
- Completed reload, in  0.920 seconds
Platform modules already initialized, skipping
Refreshing native plugins compatible for Editor in 0.23 ms, found 0 plugins.
Preloading 0 native plugins for Editor in 0.00 ms.
Unloading 1115 Unused Serialized files (Serialized files now loaded: 0)
System memory in use before: 60.9 MB.
System memory in use after: 61.0 MB.

Unloading 5 unused Assets to reduce memory usage. Loaded Objects now: 1639.
Total: 1.939100 ms (FindLiveObjects: 0.222000 ms CreateObjectMapping: 0.037400 ms MarkObjects: 1.622700 ms  DeleteObjects: 0.055300 ms)

========================================================================
Received Import Request.
  Time since last request: 209.208709 seconds.
  path: Assets/Scripts/Enemy.cs
  artifactKey: Guid(1c3a92ef1faf1be4d86e5a5a3ad9693a) Importer(815301076,1909f56bfc062723c751e8b465ee728b)
Start importing Assets/Scripts/Enemy.cs using Guid(1c3a92ef1faf1be4d86e5a5a3ad9693a) Importer(815301076,1909f56bfc062723c751e8b465ee728b)  -> (artifact id: 'f399a4184946c62514342ff0e31efb19') in 0.004546 seconds
  Import took 0.006913 seconds .

========================================================================
Received Prepare
Registering precompiled user dll's ...
Registered in 0.000664 seconds.
Begin MonoManager ReloadAssembly
Native extension for WindowsStandalone target not found
Native extension for WebGL target not found
Refreshing native plugins compatible for Editor in 0.24 ms, found 0 plugins.
Preloading 0 native plugins for Editor in 0.00 ms.
Mono: successfully reloaded assembly
- Completed reload, in  0.895 seconds
Platform modules already initialized, skipping
Refreshing native plugins compatible for Editor in 0.24 ms, found 0 plugins.
Preloading 0 native plugins for Editor in 0.00 ms.
Unloading 1115 Unused Serialized files (Serialized files now loaded: 0)
System memory in use before: 60.9 MB.
System memory in use after: 61.0 MB.

Unloading 5 unused Assets to reduce memory usage. Loaded Objects now: 1642.
Total: 1.949300 ms (FindLiveObjects: 0.163000 ms CreateObjectMapping: 0.036200 ms MarkObjects: 1.694600 ms  DeleteObjects: 0.054200 ms)

========================================================================
Received Prepare
Registering precompiled user dll's ...
Registered in 0.000657 seconds.
Begin MonoManager ReloadAssembly
Native extension for WindowsStandalone target not found
Native extension for WebGL target not found
Refreshing native plugins compatible for Editor in 0.30 ms, found 0 plugins.
Preloading 0 native plugins for Editor in 0.00 ms.
Mono: successfully reloaded assembly
- Completed reload, in  0.916 seconds
Platform modules already initialized, skipping
Refreshing native plugins compatible for Editor in 0.25 ms, found 0 plugins.
Preloading 0 native plugins for Editor in 0.00 ms.
Unloading 1115 Unused Serialized files (Serialized files now loaded: 0)
System memory in use before: 60.9 MB.
System memory in use after: 61.0 MB.

Unloading 5 unused Assets to reduce memory usage. Loaded Objects now: 1645.
Total: 1.985500 ms (FindLiveObjects: 0.171800 ms CreateObjectMapping: 0.033100 ms MarkObjects: 1.728200 ms  DeleteObjects: 0.051200 ms)

========================================================================
Received Prepare
Registering precompiled user dll's ...
Registered in 0.000600 seconds.
Begin MonoManager ReloadAssembly
Native extension for WindowsStandalone target not found
Native extension for WebGL target not found
Refreshing native plugins compatible for Editor in 0.23 ms, found 0 plugins.
Preloading 0 native plugins for Editor in 0.00 ms.
Mono: successfully reloaded assembly
- Completed reload, in  0.870 seconds
Platform modules already initialized, skipping
Refreshing native plugins compatible for Editor in 0.25 ms, found 0 plugins.
Preloading 0 native plugins for Editor in 0.00 ms.
Unloading 1115 Unused Serialized files (Serialized files now loaded: 0)
System memory in use before: 60.9 MB.
System memory in use after: 61.0 MB.

Unloading 5 unused Assets to reduce memory usage. Loaded Objects now: 1648.
Total: 2.029900 ms (FindLiveObjects: 0.158400 ms CreateObjectMapping: 0.035400 ms MarkObjects: 1.782500 ms  DeleteObjects: 0.052400 ms)

========================================================================
Received Prepare
Registering precompiled user dll's ...
Registered in 0.000647 seconds.
Begin MonoManager ReloadAssembly
Native extension for WindowsStandalone target not found
Native extension for WebGL target not found
Refreshing native plugins compatible for Editor in 0.23 ms, found 0 plugins.
Preloading 0 native plugins for Editor in 0.00 ms.
Mono: successfully reloaded assembly
- Completed reload, in  0.879 seconds
Platform modules already initialized, skipping
Refreshing native plugins compatible for Editor in 0.25 ms, found 0 plugins.
Preloading 0 native plugins for Editor in 0.00 ms.
Unloading 1115 Unused Serialized files (Serialized files now loaded: 0)
System memory in use before: 60.9 MB.
System memory in use after: 61.0 MB.

Unloading 5 unused Assets to reduce memory usage. Loaded Objects now: 1651.
Total: 1.911800 ms (FindLiveObjects: 0.176700 ms CreateObjectMapping: 0.033000 ms MarkObjects: 1.642600 ms  DeleteObjects: 0.058400 ms)

========================================================================
Received Prepare
Registering precompiled user dll's ...
Registered in 0.000742 seconds.
Begin MonoManager ReloadAssembly
Native extension for WindowsStandalone target not found
Native extension for WebGL target not found
Refreshing native plugins compatible for Editor in 0.23 ms, found 0 plugins.
Preloading 0 native plugins for Editor in 0.00 ms.
Mono: successfully reloaded assembly
- Completed reload, in  0.852 seconds
Platform modules already initialized, skipping
Refreshing native plugins compatible for Editor in 0.23 ms, found 0 plugins.
Preloading 0 native plugins for Editor in 0.00 ms.
Unloading 1115 Unused Serialized files (Serialized files now loaded: 0)
System memory in use before: 61.0 MB.
System memory in use after: 61.0 MB.

Unloading 5 unused Assets to reduce memory usage. Loaded Objects now: 1654.
Total: 1.713200 ms (FindLiveObjects: 0.142500 ms CreateObjectMapping: 0.035200 ms MarkObjects: 1.483700 ms  DeleteObjects: 0.050800 ms)

========================================================================
Received Import Request.
  Time since last request: 158.158532 seconds.
  path: Assets/Scripts/Enemy.cs
  artifactKey: Guid(1c3a92ef1faf1be4d86e5a5a3ad9693a) Importer(815301076,1909f56bfc062723c751e8b465ee728b)
Start importing Assets/Scripts/Enemy.cs using Guid(1c3a92ef1faf1be4d86e5a5a3ad9693a) Importer(815301076,1909f56bfc062723c751e8b465ee728b)  -> (artifact id: 'a7e79338f573c9fa60060a63985bf023') in 0.004267 seconds
  Import took 0.006429 seconds .

========================================================================
Received Prepare
Registering precompiled user dll's ...
Registered in 0.000634 seconds.
Begin MonoManager ReloadAssembly
Native extension for WindowsStandalone target not found
Native extension for WebGL target not found
Refreshing native plugins compatible for Editor in 0.23 ms, found 0 plugins.
Preloading 0 native plugins for Editor in 0.00 ms.
Mono: successfully reloaded assembly
- Completed reload, in  0.914 seconds
Platform modules already initialized, skipping
Refreshing native plugins compatible for Editor in 0.23 ms, found 0 plugins.
Preloading 0 native plugins for Editor in 0.00 ms.
Unloading 1115 Unused Serialized files (Serialized files now loaded: 0)
System memory in use before: 61.0 MB.
System memory in use after: 61.0 MB.

Unloading 5 unused Assets to reduce memory usage. Loaded Objects now: 1657.
Total: 1.881300 ms (FindLiveObjects: 0.171600 ms CreateObjectMapping: 0.033300 ms MarkObjects: 1.616100 ms  DeleteObjects: 0.059300 ms)

========================================================================
Received Import Request.
  Time since last request: 165.647150 seconds.
  path: Assets/Scripts/Laser.cs
  artifactKey: Guid(a9b938863a2ec05458ce1f0fedf77c24) Importer(815301076,1909f56bfc062723c751e8b465ee728b)
Start importing Assets/Scripts/Laser.cs using Guid(a9b938863a2ec05458ce1f0fedf77c24) Importer(815301076,1909f56bfc062723c751e8b465ee728b)  -> (artifact id: 'bd7e333b04b6f54d0b7c4c72a8a5af9d') in 0.004071 seconds
  Import took 0.006253 seconds .

========================================================================
Received Prepare
Registering precompiled user dll's ...
Registered in 0.000744 seconds.
Begin MonoManager ReloadAssembly
Native extension for WindowsStandalone target not found
Native extension for WebGL target not found
Refreshing native plugins compatible for Editor in 0.27 ms, found 0 plugins.
Preloading 0 native plugins for Editor in 0.00 ms.
Mono: successfully reloaded assembly
- Completed reload, in  0.885 seconds
Platform modules already initialized, skipping
Refreshing native plugins compatible for Editor in 0.23 ms, found 0 plugins.
Preloading 0 native plugins for Editor in 0.00 ms.
Unloading 1115 Unused Serialized files (Serialized files now loaded: 0)
System memory in use before: 61.0 MB.
System memory in use after: 61.0 MB.

Unloading 5 unused Assets to reduce memory usage. Loaded Objects now: 1660.
Total: 2.034700 ms (FindLiveObjects: 0.169600 ms CreateObjectMapping: 0.035100 ms MarkObjects: 1.773100 ms  DeleteObjects: 0.055400 ms)

========================================================================
Received Import Request.
  Time since last request: 7.642199 seconds.
  path: Assets/Scripts/Laser.cs
  artifactKey: Guid(a9b938863a2ec05458ce1f0fedf77c24) Importer(815301076,1909f56bfc062723c751e8b465ee728b)
Start importing Assets/Scripts/Laser.cs using Guid(a9b938863a2ec05458ce1f0fedf77c24) Importer(815301076,1909f56bfc062723c751e8b465ee728b)  -> (artifact id: 'b1d3a0daa07871c579f4fd82423c1a58') in 0.003919 seconds
  Import took 0.005954 seconds .

========================================================================
Received Prepare
Registering precompiled user dll's ...
Registered in 0.000692 seconds.
Begin MonoManager ReloadAssembly
Native extension for WindowsStandalone target not found
Native extension for WebGL target not found
Refreshing native plugins compatible for Editor in 0.23 ms, found 0 plugins.
Preloading 0 native plugins for Editor in 0.00 ms.
Mono: successfully reloaded assembly
- Completed reload, in  0.861 seconds
Platform modules already initialized, skipping
Refreshing native plugins compatible for Editor in 0.24 ms, found 0 plugins.
Preloading 0 native plugins for Editor in 0.00 ms.
Unloading 1115 Unused Serialized files (Serialized files now loaded: 0)
System memory in use before: 61.0 MB.
System memory in use after: 61.0 MB.

Unloading 5 unused Assets to reduce memory usage. Loaded Objects now: 1663.
Total: 1.982800 ms (FindLiveObjects: 0.219300 ms CreateObjectMapping: 0.035400 ms MarkObjects: 1.670500 ms  DeleteObjects: 0.056400 ms)

========================================================================
Received Import Request.
  Time since last request: 119.634221 seconds.
  path: Assets/Scripts/Laser.cs
  artifactKey: Guid(a9b938863a2ec05458ce1f0fedf77c24) Importer(815301076,1909f56bfc062723c751e8b465ee728b)
Start importing Assets/Scripts/Laser.cs using Guid(a9b938863a2ec05458ce1f0fedf77c24) Importer(815301076,1909f56bfc062723c751e8b465ee728b)  -> (artifact id: 'a54a78f1b77789668fab7dfa47ee6acd') in 0.003972 seconds
  Import took 0.005988 seconds .

========================================================================
Received Prepare
Registering precompiled user dll's ...
Registered in 0.000701 seconds.
Begin MonoManager ReloadAssembly
Native extension for WindowsStandalone target not found
Native extension for WebGL target not found
Refreshing native plugins compatible for Editor in 0.26 ms, found 0 plugins.
Preloading 0 native plugins for Editor in 0.00 ms.
Mono: successfully reloaded assembly
- Completed reload, in  0.879 seconds
Platform modules already initialized, skipping
Refreshing native plugins compatible for Editor in 0.24 ms, found 0 plugins.
Preloading 0 native plugins for Editor in 0.00 ms.
Unloading 1115 Unused Serialized files (Serialized files now loaded: 0)
System memory in use before: 61.0 MB.
System memory in use after: 61.0 MB.

Unloading 5 unused Assets to reduce memory usage. Loaded Objects now: 1666.
Total: 1.950300 ms (FindLiveObjects: 0.236900 ms CreateObjectMapping: 0.039700 ms MarkObjects: 1.607500 ms  DeleteObjects: 0.063300 ms)

========================================================================
Received Prepare
Registering precompiled user dll's ...
Registered in 0.000822 seconds.
Begin MonoManager ReloadAssembly
Native extension for WindowsStandalone target not found
Native extension for WebGL target not found
Refreshing native plugins compatible for Editor in 0.24 ms, found 0 plugins.
Preloading 0 native plugins for Editor in 0.00 ms.
Mono: successfully reloaded assembly
- Completed reload, in  0.863 seconds
Platform modules already initialized, skipping
Refreshing native plugins compatible for Editor in 0.23 ms, found 0 plugins.
Preloading 0 native plugins for Editor in 0.00 ms.
Unloading 1115 Unused Serialized files (Serialized files now loaded: 0)
System memory in use before: 61.0 MB.
System memory in use after: 61.0 MB.

Unloading 5 unused Assets to reduce memory usage. Loaded Objects now: 1669.
Total: 2.011400 ms (FindLiveObjects: 0.179200 ms CreateObjectMapping: 0.035100 ms MarkObjects: 1.741100 ms  DeleteObjects: 0.054700 ms)

========================================================================
Received Import Request.
  Time since last request: 157.458136 seconds.
  path: Assets/Scripts/Player.cs
  artifactKey: Guid(70bb60bf6b79c9448b82fe77a997603f) Importer(815301076,1909f56bfc062723c751e8b465ee728b)
Start importing Assets/Scripts/Player.cs using Guid(70bb60bf6b79c9448b82fe77a997603f) Importer(815301076,1909f56bfc062723c751e8b465ee728b)  -> (artifact id: '0062402445d8b4697d549b7496cdd48d') in 0.007720 seconds
  Import took 0.009704 seconds .

========================================================================
Received Prepare
Registering precompiled user dll's ...
Registered in 0.000713 seconds.
Begin MonoManager ReloadAssembly
Native extension for WindowsStandalone target not found
Native extension for WebGL target not found
Refreshing native plugins compatible for Editor in 0.25 ms, found 0 plugins.
Preloading 0 native plugins for Editor in 0.00 ms.
Mono: successfully reloaded assembly
- Completed reload, in  0.851 seconds
Platform modules already initialized, skipping
Refreshing native plugins compatible for Editor in 0.24 ms, found 0 plugins.
Preloading 0 native plugins for Editor in 0.00 ms.
Unloading 1115 Unused Serialized files (Serialized files now loaded: 0)
System memory in use before: 61.0 MB.
System memory in use after: 61.1 MB.

Unloading 5 unused Assets to reduce memory usage. Loaded Objects now: 1672.
Total: 2.088500 ms (FindLiveObjects: 0.174300 ms CreateObjectMapping: 0.036900 ms MarkObjects: 1.817100 ms  DeleteObjects: 0.058900 ms)

========================================================================
Received Prepare
Registering precompiled user dll's ...
Registered in 0.000717 seconds.
Begin MonoManager ReloadAssembly
Native extension for WindowsStandalone target not found
Native extension for WebGL target not found
Refreshing native plugins compatible for Editor in 0.24 ms, found 0 plugins.
Preloading 0 native plugins for Editor in 0.00 ms.
Mono: successfully reloaded assembly
- Completed reload, in  0.889 seconds
Platform modules already initialized, skipping
Refreshing native plugins compatible for Editor in 0.24 ms, found 0 plugins.
Preloading 0 native plugins for Editor in 0.00 ms.
Unloading 1115 Unused Serialized files (Serialized files now loaded: 0)
System memory in use before: 61.0 MB.
System memory in use after: 61.1 MB.

Unloading 5 unused Assets to reduce memory usage. Loaded Objects now: 1675.
Total: 1.755000 ms (FindLiveObjects: 0.179500 ms CreateObjectMapping: 0.035900 ms MarkObjects: 1.483000 ms  DeleteObjects: 0.055600 ms)

========================================================================
Received Prepare
Registering precompiled user dll's ...
Registered in 0.000658 seconds.
Begin MonoManager ReloadAssembly
Native extension for WindowsStandalone target not found
Native extension for WebGL target not found
Refreshing native plugins compatible for Editor in 0.23 ms, found 0 plugins.
Preloading 0 native plugins for Editor in 0.00 ms.
Mono: successfully reloaded assembly
- Completed reload, in  0.847 seconds
Platform modules already initialized, skipping
Refreshing native plugins compatible for Editor in 0.24 ms, found 0 plugins.
Preloading 0 native plugins for Editor in 0.00 ms.
Unloading 1115 Unused Serialized files (Serialized files now loaded: 0)
System memory in use before: 61.0 MB.
System memory in use after: 61.1 MB.

Unloading 5 unused Assets to reduce memory usage. Loaded Objects now: 1678.
Total: 2.033700 ms (FindLiveObjects: 0.176100 ms CreateObjectMapping: 0.036100 ms MarkObjects: 1.767900 ms  DeleteObjects: 0.052400 ms)

========================================================================
Received Prepare
Registering precompiled user dll's ...
Registered in 0.000747 seconds.
Begin MonoManager ReloadAssembly
Native extension for WindowsStandalone target not found
Native extension for WebGL target not found
Refreshing native plugins compatible for Editor in 0.25 ms, found 0 plugins.
Preloading 0 native plugins for Editor in 0.00 ms.
Mono: successfully reloaded assembly
- Completed reload, in  0.874 seconds
Platform modules already initialized, skipping
Refreshing native plugins compatible for Editor in 0.25 ms, found 0 plugins.
Preloading 0 native plugins for Editor in 0.00 ms.
Unloading 1115 Unused Serialized files (Serialized files now loaded: 0)
System memory in use before: 61.0 MB.
System memory in use after: 61.1 MB.

Unloading 5 unused Assets to reduce memory usage. Loaded Objects now: 1681.
Total: 2.026400 ms (FindLiveObjects: 0.162400 ms CreateObjectMapping: 0.036900 ms MarkObjects: 1.772200 ms  DeleteObjects: 0.053800 ms)

========================================================================
Received Import Request.
  Time since last request: 686.621080 seconds.
  path: Assets/Prefabs/Enemy.prefab
  artifactKey: Guid(a7cdacc3d9cdec44a9fccac642d04bb5) Importer(815301076,1909f56bfc062723c751e8b465ee728b)
Start importing Assets/Prefabs/Enemy.prefab using Guid(a7cdacc3d9cdec44a9fccac642d04bb5) Importer(815301076,1909f56bfc062723c751e8b465ee728b)  -> (artifact id: 'e2c816a82cbd6640f0905b52a1b52710') in 0.059400 seconds
  Import took 0.061774 seconds .

========================================================================
Received Import Request.
  Time since last request: 0.068972 seconds.
  path: Assets/Prefabs/Enemy.prefab
  artifactKey: Guid(a7cdacc3d9cdec44a9fccac642d04bb5) Importer(815301076,1909f56bfc062723c751e8b465ee728b)
Start importing Assets/Prefabs/Enemy.prefab using Guid(a7cdacc3d9cdec44a9fccac642d04bb5) Importer(815301076,1909f56bfc062723c751e8b465ee728b)  -> (artifact id: 'e2c816a82cbd6640f0905b52a1b52710') in 0.007397 seconds
  Import took 0.009627 seconds .

========================================================================
Received Prepare
Registering precompiled user dll's ...
Registered in 0.000741 seconds.
Begin MonoManager ReloadAssembly
Native extension for WindowsStandalone target not found
Native extension for WebGL target not found
Refreshing native plugins compatible for Editor in 0.24 ms, found 0 plugins.
Preloading 0 native plugins for Editor in 0.00 ms.
Mono: successfully reloaded assembly
- Completed reload, in  0.938 seconds
Platform modules already initialized, skipping
Refreshing native plugins compatible for Editor in 0.31 ms, found 0 plugins.
Preloading 0 native plugins for Editor in 0.00 ms.
Unloading 1115 Unused Serialized files (Serialized files now loaded: 0)
System memory in use before: 61.0 MB.
System memory in use after: 61.0 MB.

Unloading 5 unused Assets to reduce memory usage. Loaded Objects now: 1685.
Total: 3.287000 ms (FindLiveObjects: 0.453300 ms CreateObjectMapping: 0.042700 ms MarkObjects: 2.720500 ms  DeleteObjects: 0.068700 ms)

========================================================================
Received Prepare
Registering precompiled user dll's ...
Registered in 0.001052 seconds.
Begin MonoManager ReloadAssembly
Native extension for WindowsStandalone target not found
Native extension for WebGL target not found
Refreshing native plugins compatible for Editor in 0.23 ms, found 0 plugins.
Preloading 0 native plugins for Editor in 0.00 ms.
Mono: successfully reloaded assembly
- Completed reload, in  0.873 seconds
Platform modules already initialized, skipping
Refreshing native plugins compatible for Editor in 0.24 ms, found 0 plugins.
Preloading 0 native plugins for Editor in 0.00 ms.
Unloading 1115 Unused Serialized files (Serialized files now loaded: 0)
System memory in use before: 61.0 MB.
System memory in use after: 61.0 MB.

Unloading 5 unused Assets to reduce memory usage. Loaded Objects now: 1688.
Total: 2.003000 ms (FindLiveObjects: 0.161800 ms CreateObjectMapping: 0.039700 ms MarkObjects: 1.741600 ms  DeleteObjects: 0.058400 ms)

